```bash
ANALYZE <schema_name>.<table_name>
```

```bash
# customerテーブルには12020101件あることがわかる
select count(*) from customer;
  count
----------
 12020100
(1 row)

# 一件追加
insert into customer values (100021, 'cent','dede', 100);
INSERT 0 1


# 実際のレコード数は12020101に更新されている
select count(*) from customer;
  count
----------
 12020101
(1 row)

# 実行計画を見るとrows=12020100とINSERTされたレコードが反映されていない(統計情報が最新になっていない)のがわかる
explain analyze select * from customer;
                                                       QUERY PLAN
-------------------------------------------------------------------------------------------------------------------------
 Seq Scan on customer  (cost=0.00..859970.00 rows=12020100 width=38) (actual time=0.804..2393.096 rows=12020101 loops=1)
 Planning Time: 0.077 ms
 Execution Time: 2993.389 ms
(3 rows)


# 統計情報の更新
analyze customer;
ANALYZE

# もう一度実行計画を見ると12020101になっていることがwかある
explain analyze select * from customer;
                                                       QUERY PLAN
-------------------------------------------------------------------------------------------------------------------------
 Seq Scan on customer  (cost=0.00..857629.00 rows=11786000 width=38) (actual time=0.017..2500.028 rows=12020101 loops=1)
 Planning Time: 1.893 ms
 Execution Time: 3106.495 ms
(3 rows)
```